<?xml version="1.0" encoding="UTF-8"?>
<!-- Generated by org.testng.reporters.JUnitReportReporter -->
<testsuite skipped="0" hostname="DESKTOP-J8E6DJM" name="CreateLeadTestScript" tests="1" failures="0" timestamp="20 Jun 2020 05:18:20 GMT" time="141.582" errors="0">
  <testcase name="creatLead" time="141.582" classname="CreateLeadTestScript"/>
</testsuite> <!-- CreateLeadTestScript -->
